{
  "numFailedTestSuites": 3,
  "numFailedTests": 10,
  "numPassedTestSuites": 0,
  "numPassedTests": 0,
  "numPendingTestSuites": 0,
  "numPendingTests": 0,
  "numRuntimeErrorTestSuites": 0,
  "numTodoTests": 0,
  "numTotalTestSuites": 3,
  "numTotalTests": 10,
  "openHandles": [],
  "snapshot": {
    "added": 0,
    "didUpdate": false,
    "failure": false,
    "filesAdded": 0,
    "filesRemoved": 0,
    "filesRemovedList": [],
    "filesUnmatched": 0,
    "filesUpdated": 0,
    "matched": 0,
    "total": 0,
    "unchecked": 0,
    "uncheckedKeysByFile": [],
    "unmatched": 0,
    "updated": 0
  },
  "startTime": 1730255389736,
  "success": false,
  "testResults": [
    {
      "leaks": false,
      "numFailingTests": 2,
      "numPassingTests": 0,
      "numPendingTests": 0,
      "numTodoTests": 0,
      "openHandles": [],
      "perfStats": {
        "end": 1730255401422,
        "runtime": 11196,
        "slow": true,
        "start": 1730255390226
      },
      "skipped": false,
      "snapshot": {
        "added": 0,
        "fileDeleted": false,
        "matched": 0,
        "unchecked": 0,
        "uncheckedKeys": [],
        "unmatched": 0,
        "updated": 0
      },
      "testFilePath": "C:\\POS\\Testes_API\\back_inicio\\jest-test-automatizado-api-rest\\test\\users\\teste-integrado-users.test.js",
      "testResults": [
        {
          "ancestorTitles": [
            "Suite de testes crud (post, get, put, delete USER)"
          ],
          "duration": 18,
          "failureDetails": [
            {
              "code": "ECONNREFUSED"
            }
          ],
          "failureMessages": [
            "AggregateError: \n    at internalConnectMultiple (node:net:1116:18)\n    at afterConnectMultiple (node:net:1683:7)"
          ],
          "fullName": "Suite de testes crud (post, get, put, delete USER) Alterando o registro cadastrado anteriormente, e verificando se os dados realmente foram alterados.",
          "invocations": 1,
          "location": null,
          "numPassingAsserts": 0,
          "retryReasons": [],
          "status": "failed",
          "title": "Alterando o registro cadastrado anteriormente, e verificando se os dados realmente foram alterados."
        },
        {
          "ancestorTitles": [
            "Suite de testes crud (post, get, put, delete USER)"
          ],
          "duration": 0,
          "failureDetails": [
            {
              "code": "ECONNREFUSED"
            }
          ],
          "failureMessages": [
            "AggregateError: \n    at internalConnectMultiple (node:net:1116:18)\n    at afterConnectMultiple (node:net:1683:7)"
          ],
          "fullName": "Suite de testes crud (post, get, put, delete USER) Deverá remover o registro cadastrado anteriormente. E retornar 204.",
          "invocations": 1,
          "location": null,
          "numPassingAsserts": 0,
          "retryReasons": [],
          "status": "failed",
          "title": "Deverá remover o registro cadastrado anteriormente. E retornar 204."
        }
      ],
      "failureMessage": "\u001b[1m\u001b[31m  \u001b[1m● \u001b[22m\u001b[1mSuite de testes crud (post, get, put, delete USER) › Alterando o registro cadastrado anteriormente, e verificando se os dados realmente foram alterados.\u001b[39m\u001b[22m\n\n    AggregateError:\n\u001b[2m\u001b[22m\n\u001b[2m\u001b[22m\n\n\u001b[1m\u001b[31m  \u001b[1m● \u001b[22m\u001b[1mSuite de testes crud (post, get, put, delete USER) › Deverá remover o registro cadastrado anteriormente. E retornar 204.\u001b[39m\u001b[22m\n\n    AggregateError:\n\u001b[2m\u001b[22m\n\u001b[2m\u001b[22m\n"
    },
    {
      "leaks": false,
      "numFailingTests": 4,
      "numPassingTests": 0,
      "numPendingTests": 0,
      "numTodoTests": 0,
      "openHandles": [],
      "perfStats": {
        "end": 1730255401435,
        "runtime": 11198,
        "slow": true,
        "start": 1730255390237
      },
      "skipped": false,
      "snapshot": {
        "added": 0,
        "fileDeleted": false,
        "matched": 0,
        "unchecked": 0,
        "uncheckedKeys": [],
        "unmatched": 0,
        "updated": 0
      },
      "testFilePath": "C:\\POS\\Testes_API\\back_inicio\\jest-test-automatizado-api-rest\\test\\users\\test-users.test.js",
      "testResults": [
        {
          "ancestorTitles": ["Suite de testes crud (post, get, put, delete)"],
          "duration": 82,
          "failureDetails": [
            {
              "code": "ECONNREFUSED"
            }
          ],
          "failureMessages": [
            "AggregateError: \n    at internalConnectMultiple (node:net:1116:18)\n    at afterConnectMultiple (node:net:1683:7)"
          ],
          "fullName": "Suite de testes crud (post, get, put, delete) Ausencia de campo email, deverá gerar o status code 422 e emitir uma mensagem de erro validando a mesma.",
          "invocations": 1,
          "location": null,
          "numPassingAsserts": 0,
          "retryReasons": [],
          "status": "failed",
          "title": "Ausencia de campo email, deverá gerar o status code 422 e emitir uma mensagem de erro validando a mesma."
        },
        {
          "ancestorTitles": ["Suite de testes crud (post, get, put, delete)"],
          "duration": 7,
          "failureDetails": [
            {
              "code": "ECONNREFUSED"
            }
          ],
          "failureMessages": [
            "AggregateError: \n    at internalConnectMultiple (node:net:1116:18)\n    at afterConnectMultiple (node:net:1683:7)"
          ],
          "fullName": "Suite de testes crud (post, get, put, delete) Cadastrando um usuário, e consultando o retorno dos campos, se foram os enviados.",
          "invocations": 1,
          "location": null,
          "numPassingAsserts": 0,
          "retryReasons": [],
          "status": "failed",
          "title": "Cadastrando um usuário, e consultando o retorno dos campos, se foram os enviados."
        },
        {
          "ancestorTitles": ["Suite de testes crud (post, get, put, delete)"],
          "duration": 10,
          "failureDetails": [
            {
              "code": "ECONNREFUSED"
            }
          ],
          "failureMessages": [
            "AggregateError: \n    at internalConnectMultiple (node:net:1116:18)\n    at afterConnectMultiple (node:net:1683:7)"
          ],
          "fullName": "Suite de testes crud (post, get, put, delete) Alterando o registro cadastrado anteriormente, e verificando se os dados realmente foram alterados.",
          "invocations": 1,
          "location": null,
          "numPassingAsserts": 0,
          "retryReasons": [],
          "status": "failed",
          "title": "Alterando o registro cadastrado anteriormente, e verificando se os dados realmente foram alterados."
        },
        {
          "ancestorTitles": ["Suite de testes crud (post, get, put, delete)"],
          "duration": 4,
          "failureDetails": [
            {
              "code": "ECONNREFUSED"
            }
          ],
          "failureMessages": [
            "AggregateError: \n    at internalConnectMultiple (node:net:1116:18)\n    at afterConnectMultiple (node:net:1683:7)"
          ],
          "fullName": "Suite de testes crud (post, get, put, delete) Deverá remover o registro cadastrado anteriormente. E retornar 204.",
          "invocations": 1,
          "location": null,
          "numPassingAsserts": 0,
          "retryReasons": [],
          "status": "failed",
          "title": "Deverá remover o registro cadastrado anteriormente. E retornar 204."
        }
      ],
      "failureMessage": "\u001b[1m\u001b[31m  \u001b[1m● \u001b[22m\u001b[1mSuite de testes crud (post, get, put, delete) › Ausencia de campo email, deverá gerar o status code 422 e emitir uma mensagem de erro validando a mesma.\u001b[39m\u001b[22m\n\n    AggregateError:\n\u001b[2m\u001b[22m\n\u001b[2m\u001b[22m\n\n\u001b[1m\u001b[31m  \u001b[1m● \u001b[22m\u001b[1mSuite de testes crud (post, get, put, delete) › Cadastrando um usuário, e consultando o retorno dos campos, se foram os enviados.\u001b[39m\u001b[22m\n\n    AggregateError:\n\u001b[2m\u001b[22m\n\u001b[2m\u001b[22m\n\n\u001b[1m\u001b[31m  \u001b[1m● \u001b[22m\u001b[1mSuite de testes crud (post, get, put, delete) › Alterando o registro cadastrado anteriormente, e verificando se os dados realmente foram alterados.\u001b[39m\u001b[22m\n\n    AggregateError:\n\u001b[2m\u001b[22m\n\u001b[2m\u001b[22m\n\n\u001b[1m\u001b[31m  \u001b[1m● \u001b[22m\u001b[1mSuite de testes crud (post, get, put, delete) › Deverá remover o registro cadastrado anteriormente. E retornar 204.\u001b[39m\u001b[22m\n\n    AggregateError:\n\u001b[2m\u001b[22m\n\u001b[2m\u001b[22m\n"
    },
    {
      "leaks": false,
      "numFailingTests": 4,
      "numPassingTests": 0,
      "numPendingTests": 0,
      "numTodoTests": 0,
      "openHandles": [],
      "perfStats": {
        "end": 1730255401454,
        "runtime": 11238,
        "slow": true,
        "start": 1730255390216
      },
      "skipped": false,
      "snapshot": {
        "added": 0,
        "fileDeleted": false,
        "matched": 0,
        "unchecked": 0,
        "uncheckedKeys": [],
        "unmatched": 0,
        "updated": 0
      },
      "testFilePath": "C:\\POS\\Testes_API\\back_inicio\\jest-test-automatizado-api-rest\\test\\users\\teste-env-separado.test.js",
      "testResults": [
        {
          "ancestorTitles": ["Suite de testes crud (post, get, put, delete)"],
          "duration": 80,
          "failureDetails": [
            {
              "code": "ECONNREFUSED"
            }
          ],
          "failureMessages": [
            "AggregateError: \n    at internalConnectMultiple (node:net:1116:18)\n    at afterConnectMultiple (node:net:1683:7)"
          ],
          "fullName": "Suite de testes crud (post, get, put, delete) Ausencia de campo email, deverá gerar o status code 422 e emitir uma mensagem de erro validando a mesma.",
          "invocations": 1,
          "location": null,
          "numPassingAsserts": 0,
          "retryReasons": [],
          "status": "failed",
          "title": "Ausencia de campo email, deverá gerar o status code 422 e emitir uma mensagem de erro validando a mesma."
        },
        {
          "ancestorTitles": ["Suite de testes crud (post, get, put, delete)"],
          "duration": 5,
          "failureDetails": [
            {
              "code": "ECONNREFUSED"
            }
          ],
          "failureMessages": [
            "AggregateError: \n    at internalConnectMultiple (node:net:1116:18)\n    at afterConnectMultiple (node:net:1683:7)"
          ],
          "fullName": "Suite de testes crud (post, get, put, delete) Cadastrando um usuário, e consultando o retorno dos campos, se foram os enviados.",
          "invocations": 1,
          "location": null,
          "numPassingAsserts": 0,
          "retryReasons": [],
          "status": "failed",
          "title": "Cadastrando um usuário, e consultando o retorno dos campos, se foram os enviados."
        },
        {
          "ancestorTitles": ["Suite de testes crud (post, get, put, delete)"],
          "duration": 8,
          "failureDetails": [
            {
              "code": "ECONNREFUSED"
            }
          ],
          "failureMessages": [
            "AggregateError: \n    at internalConnectMultiple (node:net:1116:18)\n    at afterConnectMultiple (node:net:1683:7)"
          ],
          "fullName": "Suite de testes crud (post, get, put, delete) Alterando o registro cadastrado anteriormente, e verificando se os dados realmente foram alterados.",
          "invocations": 1,
          "location": null,
          "numPassingAsserts": 0,
          "retryReasons": [],
          "status": "failed",
          "title": "Alterando o registro cadastrado anteriormente, e verificando se os dados realmente foram alterados."
        },
        {
          "ancestorTitles": ["Suite de testes crud (post, get, put, delete)"],
          "duration": 4,
          "failureDetails": [
            {
              "code": "ECONNREFUSED"
            }
          ],
          "failureMessages": [
            "AggregateError: \n    at internalConnectMultiple (node:net:1116:18)\n    at afterConnectMultiple (node:net:1683:7)"
          ],
          "fullName": "Suite de testes crud (post, get, put, delete) Deverá remover o registro cadastrado anteriormente. E retornar 204.",
          "invocations": 1,
          "location": null,
          "numPassingAsserts": 0,
          "retryReasons": [],
          "status": "failed",
          "title": "Deverá remover o registro cadastrado anteriormente. E retornar 204."
        }
      ],
      "failureMessage": "\u001b[1m\u001b[31m  \u001b[1m● \u001b[22m\u001b[1mSuite de testes crud (post, get, put, delete) › Ausencia de campo email, deverá gerar o status code 422 e emitir uma mensagem de erro validando a mesma.\u001b[39m\u001b[22m\n\n    AggregateError:\n\u001b[2m\u001b[22m\n\u001b[2m\u001b[22m\n\n\u001b[1m\u001b[31m  \u001b[1m● \u001b[22m\u001b[1mSuite de testes crud (post, get, put, delete) › Cadastrando um usuário, e consultando o retorno dos campos, se foram os enviados.\u001b[39m\u001b[22m\n\n    AggregateError:\n\u001b[2m\u001b[22m\n\u001b[2m\u001b[22m\n\n\u001b[1m\u001b[31m  \u001b[1m● \u001b[22m\u001b[1mSuite de testes crud (post, get, put, delete) › Alterando o registro cadastrado anteriormente, e verificando se os dados realmente foram alterados.\u001b[39m\u001b[22m\n\n    AggregateError:\n\u001b[2m\u001b[22m\n\u001b[2m\u001b[22m\n\n\u001b[1m\u001b[31m  \u001b[1m● \u001b[22m\u001b[1mSuite de testes crud (post, get, put, delete) › Deverá remover o registro cadastrado anteriormente. E retornar 204.\u001b[39m\u001b[22m\n\n    AggregateError:\n\u001b[2m\u001b[22m\n\u001b[2m\u001b[22m\n"
    }
  ],
  "wasInterrupted": false
}
